[06:30:45] [ServerMain/INFO]: [bootstrap] Running Java 21 (OpenJDK 64-Bit Server VM 21.0.7+6-Ubuntu-0ubuntu120.04; Ubuntu null) on Linux 6.8.0-1027-azure (amd64)
[06:30:45] [ServerMain/INFO]: [bootstrap] Loading Paper 1.21.1-57-master@b483da4 (2024-09-01T18:09:05Z) for Minecraft 1.21.1
[06:30:45] [ServerMain/INFO]: [PluginInitializerManager] Initializing plugins...
[06:30:45] [ServerMain/INFO]: [PluginInitializerManager] Initialized 0 plugins
[06:30:47] [Paper Plugin Remapper Thread - 0/INFO]: [ReobfServer] Remapping server...
[06:30:56] [ServerMain/INFO]: Environment: Environment[sessionHost=https://sessionserver.mojang.com, servicesHost=https://api.minecraftservices.com, name=PROD]
[06:30:57] [ServerMain/INFO]: Found new data pack file/bukkit, loading it automatically
[06:30:57] [ServerMain/INFO]: Found new data pack paper, loading it automatically
[06:30:59] [ServerMain/INFO]: No existing world data, creating new world
[06:31:01] [ServerMain/INFO]: Loaded 1290 recipes
[06:31:01] [Paper Plugin Remapper Thread - 0/INFO]: [ReobfServer] Done remapping server in 14665ms.
[06:31:02] [ServerMain/INFO]: Loaded 1399 advancements
[06:31:02] [Server thread/INFO]: Starting minecraft server version 1.21.1
[06:31:02] [Server thread/INFO]: Loading properties
[06:31:02] [Server thread/INFO]: This server is running Paper version 1.21.1-57-master@b483da4 (2024-09-01T18:09:05Z) (Implementing API version 1.21.1-R0.1-SNAPSHOT)
[06:31:03] [Server thread/INFO]: [spark] This server bundles the spark profiler. For more information please visit https://docs.papermc.io/paper/profiling
[06:31:03] [Server thread/INFO]: Server Ping Player Sample Count: 12
[06:31:03] [Server thread/INFO]: Using 4 threads for Netty based IO
[06:31:05] [Server thread/INFO]: [ChunkTaskScheduler] Chunk system is using 1 I/O threads, 1 worker threads, and population gen parallelism of 1 threads
[06:31:05] [Server thread/INFO]: Default game type: SURVIVAL
[06:31:05] [Server thread/INFO]: Generating keypair
[06:31:05] [Server thread/INFO]: Starting Minecraft server on *:25565
[06:31:06] [Server thread/INFO]: Using epoll channel type
[06:31:06] [Server thread/INFO]: Paper: Using libdeflate (Linux x86_64) compression from Velocity.
[06:31:06] [Server thread/INFO]: Paper: Using OpenSSL 1.1.x (Linux x86_64) cipher from Velocity.
[06:31:06] [Server thread/WARN]: **** SERVER IS RUNNING IN OFFLINE/INSECURE MODE!
[06:31:06] [Server thread/WARN]: The server will make no attempt to authenticate usernames. Beware.
[06:31:06] [Server thread/WARN]: While this makes the game possible to play without internet access, it also opens up the ability for hackers to connect with any username they choose.
[06:31:06] [Server thread/WARN]: To change this, set "online-mode" to "true" in the server.properties file.
[06:31:06] [Server thread/INFO]: Preparing level "world"
[06:31:25] [Server thread/INFO]: Preparing start region for dimension minecraft:overworld
[06:31:36] [Server thread/INFO]: Time elapsed: 11096 ms
[06:31:36] [Server thread/INFO]: Preparing start region for dimension minecraft:the_nether
[06:31:39] [Server thread/INFO]: Time elapsed: 2957 ms
[06:31:39] [Server thread/INFO]: Preparing start region for dimension minecraft:the_end
[06:31:40] [Server thread/INFO]: Time elapsed: 1053 ms
[06:31:40] [Server thread/INFO]: [spark] Starting background profiler...
[06:31:40] [Server thread/INFO]: Done preparing level "world" (34.515s)
[06:31:40] [Server thread/INFO]: Running delayed init tasks
[06:31:40] [Server thread/INFO]: Done (56.793s)! For help, type "help"
[06:31:40] [Server thread/INFO]: *************************************************************************************
[06:31:40] [Server thread/INFO]: This is the first time you're starting this server.
[06:31:40] [Server thread/INFO]: It's recommended you read our 'Getting Started' documentation for guidance.
[06:31:40] [Server thread/INFO]: View this and more helpful information here: https://docs.papermc.io/paper/next-steps
[06:31:40] [Server thread/INFO]: *************************************************************************************
[06:31:40] [Server thread/INFO]: Timings Reset
